<?xml version="1.0" encoding="UTF-8"?>
<!-- Generated by org.testng.reporters.JUnitXMLReporter -->
<testsuite ignored="0" hostname="EC2AMAZ-S11DBRH" failures="1" tests="2" name="Default test" time="14.547" errors="0" timestamp="2023-12-01T14:30:28 GMT">
  <testcase classname="io.cucumber.testng.AbstractTestNGCucumberTests" name="runScenario" time="5.256"/>
  <testcase classname="io.cucumber.testng.AbstractTestNGCucumberTests" name="runScenario" time="6.519">
    <failure type="java.lang.AssertionError" message="expected [Selenium tutorials - Google Search] but found [Selenium tutorial - Google Search]">
      <![CDATA[java.lang.AssertionError: expected [Selenium tutorials - Google Search] but found [Selenium tutorial - Google Search]
at org.testng.Assert.fail(Assert.java:99)
at org.testng.Assert.failNotEquals(Assert.java:1037)
at org.testng.Assert.assertEqualsImpl(Assert.java:140)
at org.testng.Assert.assertEquals(Assert.java:122)
at org.testng.Assert.assertEquals(Assert.java:629)
at org.testng.Assert.assertEquals(Assert.java:639)
at stepDefs.GoogleSearchStepDef.should_display_selenium_result_page(GoogleSearchStepDef.java:46)
at âœ½.Should display Selenium Result page(file:///C:/Users/Administrator/eclipse-workspace/cucumberSelenium/src/test/resources/features/GoogleSearchPage.feature:16)
]]>
    </failure>
  </testcase> <!-- runScenario -->
</testsuite> <!-- Default test -->
